0 info it worked if it ends with ok
1 verbose cli [
1 verbose cli   '/Users/rakesh/.nvm/versions/node/v20.19.4/bin/node',
1 verbose cli   '/Users/rakesh/node_modules/.bin/npm',
1 verbose cli   'run',
1 verbose cli   'cron'
1 verbose cli ]
2 info using npm@2.15.12
3 info using node@v20.19.4
4 verbose run-script [ 'precron', 'cron', 'postcron' ]
5 info precron niptado@
6 info cron niptado@
7 verbose unsafe-perm in lifecycle true
8 info niptado@ Failed to exec cron script
9 verbose stack Error: niptado@ cron: `ts-node apps/backend/cron-worker.ts`
9 verbose stack Exit status 1
9 verbose stack     at EventEmitter.<anonymous> (/Users/rakesh/node_modules/npm/lib/utils/lifecycle.js:217:16)
9 verbose stack     at EventEmitter.emit (node:events:524:28)
9 verbose stack     at ChildProcess.<anonymous> (/Users/rakesh/node_modules/npm/lib/utils/spawn.js:24:14)
9 verbose stack     at ChildProcess.emit (node:events:524:28)
9 verbose stack     at maybeClose (node:internal/child_process:1104:16)
9 verbose stack     at ChildProcess._handle.onexit (node:internal/child_process:304:5)
10 verbose pkgid niptado@
11 verbose cwd /Users/rakesh/Documents/projectNiptado5Aug25/niptado
12 error Darwin 24.6.0
13 error argv "/Users/rakesh/.nvm/versions/node/v20.19.4/bin/node" "/Users/rakesh/node_modules/.bin/npm" "run" "cron"
14 error node v20.19.4
15 error npm  v2.15.12
16 error code ELIFECYCLE
17 error niptado@ cron: `ts-node apps/backend/cron-worker.ts`
17 error Exit status 1
18 error Failed at the niptado@ cron script 'ts-node apps/backend/cron-worker.ts'.
18 error This is most likely a problem with the niptado package,
18 error not with npm itself.
18 error Tell the author that this fails on your system:
18 error     ts-node apps/backend/cron-worker.ts
18 error You can get information on how to open an issue for this project with:
18 error     npm bugs niptado
18 error Or if that isn't available, you can get their info via:
18 error
18 error     npm owner ls niptado
18 error There is likely additional logging output above.
19 verbose exit [ 1, true ]
